<?xml version="1.0" encoding="UTF-8"?>
<coverage generated="1637595077235" clover="3.2.0">
  <project timestamp="1637595077236" name="All files">
    <metrics statements="26" coveredstatements="22" conditionals="12" coveredconditionals="8" methods="6" coveredmethods="3" elements="44" coveredelements="33" complexity="0" loc="26" ncloc="26" packages="1" files="4" classes="4"/>
    <file name="cloneArray.js" path="/Users/nicholasmcconnell/code/hackerrankprep/InterviewQuestions/TestingDemos/cloneArray.js">
      <metrics statements="2" coveredstatements="2" conditionals="0" coveredconditionals="0" methods="1" coveredmethods="1"/>
      <line num="2" count="2" type="stmt"/>
      <line num="5" count="1" type="stmt"/>
    </file>
    <file name="migratoryBirds.js" path="/Users/nicholasmcconnell/code/hackerrankprep/InterviewQuestions/TestingDemos/migratoryBirds.js">
      <metrics statements="17" coveredstatements="16" conditionals="12" coveredconditionals="8" methods="1" coveredmethods="1"/>
      <line num="2" count="1" type="stmt"/>
      <line num="4" count="1" type="stmt"/>
      <line num="5" count="1" type="cond" truecount="1" falsecount="1"/>
      <line num="6" count="1" type="cond" truecount="1" falsecount="1"/>
      <line num="8" count="1" type="stmt"/>
      <line num="10" count="1" type="stmt"/>
      <line num="11" count="9" type="cond" truecount="2" falsecount="0"/>
      <line num="14" count="1" type="stmt"/>
      <line num="15" count="1" type="stmt"/>
      <line num="17" count="1" type="stmt"/>
      <line num="19" count="5" type="cond" truecount="2" falsecount="0"/>
      <line num="20" count="1" type="stmt"/>
      <line num="21" count="1" type="stmt"/>
      <line num="22" count="4" type="cond" truecount="2" falsecount="2"/>
      <line num="23" count="0" type="stmt"/>
      <line num="27" count="1" type="stmt"/>
      <line num="31" count="1" type="stmt"/>
    </file>
    <file name="subtract.js" path="/Users/nicholasmcconnell/code/hackerrankprep/InterviewQuestions/TestingDemos/subtract.js">
      <metrics statements="4" coveredstatements="3" conditionals="0" coveredconditionals="0" methods="2" coveredmethods="1"/>
      <line num="2" count="0" type="stmt"/>
      <line num="7" count="1" type="stmt"/>
      <line num="8" count="1" type="stmt"/>
      <line num="12" count="1" type="stmt"/>
    </file>
    <file name="sum.js" path="/Users/nicholasmcconnell/code/hackerrankprep/InterviewQuestions/TestingDemos/sum.js">
      <metrics statements="3" coveredstatements="1" conditionals="0" coveredconditionals="0" methods="2" coveredmethods="0"/>
      <line num="3" count="0" type="stmt"/>
      <line num="7" count="0" type="stmt"/>
      <line num="11" count="1" type="stmt"/>
    </file>
  </project>
</coverage>
