{"/Users/nicholasmcconnell/code/hackerrankprep/InterviewQuestions/TestingDemos/cloneArray.js": {"path":"/Users/nicholasmcconnell/code/hackerrankprep/InterviewQuestions/TestingDemos/cloneArray.js","statementMap":{"0":{"start":{"line":2,"column":4},"end":{"line":2,"column":20}},"1":{"start":{"line":5,"column":0},"end":{"line":5,"column":28}}},"fnMap":{"0":{"name":"cloneArray","decl":{"start":{"line":1,"column":9},"end":{"line":1,"column":19}},"loc":{"start":{"line":1,"column":25},"end":{"line":3,"column":1}},"line":1}},"branchMap":{},"s":{"0":2,"1":1},"f":{"0":2},"b":{},"_coverageSchema":"1a1c01bbd47fc00a2c39e90264f33305004495a9","hash":"7f54325b5a999279ebb95526a8a46ccdc450314f"}
,"/Users/nicholasmcconnell/code/hackerrankprep/InterviewQuestions/TestingDemos/migratoryBirds.js": {"path":"/Users/nicholasmcconnell/code/hackerrankprep/InterviewQuestions/TestingDemos/migratoryBirds.js","statementMap":{"0":{"start":{"line":2,"column":10},"end":{"line":2,"column":34}},"1":{"start":{"line":4,"column":23},"end":{"line":29,"column":1}},"2":{"start":{"line":5,"column":4},"end":{"line":5,"column":40}},"3":{"start":{"line":5,"column":26},"end":{"line":5,"column":40}},"4":{"start":{"line":6,"column":4},"end":{"line":6,"column":33}},"5":{"start":{"line":6,"column":21},"end":{"line":6,"column":33}},"6":{"start":{"line":8,"column":25},"end":{"line":8,"column":34}},"7":{"start":{"line":10,"column":4},"end":{"line":12,"column":5}},"8":{"start":{"line":10,"column":17},"end":{"line":10,"column":18}},"9":{"start":{"line":11,"column":8},"end":{"line":11,"column":130}},"10":{"start":{"line":14,"column":24},"end":{"line":14,"column":25}},"11":{"start":{"line":15,"column":27},"end":{"line":15,"column":29}},"12":{"start":{"line":17,"column":4},"end":{"line":25,"column":5}},"13":{"start":{"line":19,"column":8},"end":{"line":24,"column":9}},"14":{"start":{"line":20,"column":12},"end":{"line":20,"column":34}},"15":{"start":{"line":21,"column":12},"end":{"line":21,"column":37}},"16":{"start":{"line":22,"column":15},"end":{"line":24,"column":9}},"17":{"start":{"line":23,"column":12},"end":{"line":23,"column":34}},"18":{"start":{"line":27,"column":4},"end":{"line":27,"column":25}},"19":{"start":{"line":31,"column":0},"end":{"line":31,"column":32}}},"fnMap":{"0":{"name":"(anonymous_0)","decl":{"start":{"line":4,"column":23},"end":{"line":4,"column":24}},"loc":{"start":{"line":4,"column":32},"end":{"line":29,"column":1}},"line":4}},"branchMap":{"0":{"loc":{"start":{"line":5,"column":4},"end":{"line":5,"column":40}},"type":"if","locations":[{"start":{"line":5,"column":4},"end":{"line":5,"column":40}},{"start":{},"end":{}}],"line":5},"1":{"loc":{"start":{"line":6,"column":4},"end":{"line":6,"column":33}},"type":"if","locations":[{"start":{"line":6,"column":4},"end":{"line":6,"column":33}},{"start":{},"end":{}}],"line":6},"2":{"loc":{"start":{"line":11,"column":8},"end":{"line":11,"column":130}},"type":"cond-expr","locations":[{"start":{"line":11,"column":40},"end":{"line":11,"column":69}},{"start":{"line":11,"column":72},"end":{"line":11,"column":130}}],"line":11},"3":{"loc":{"start":{"line":19,"column":8},"end":{"line":24,"column":9}},"type":"if","locations":[{"start":{"line":19,"column":8},"end":{"line":24,"column":9}},{"start":{"line":22,"column":15},"end":{"line":24,"column":9}}],"line":19},"4":{"loc":{"start":{"line":22,"column":15},"end":{"line":24,"column":9}},"type":"if","locations":[{"start":{"line":22,"column":15},"end":{"line":24,"column":9}},{"start":{},"end":{}}],"line":22},"5":{"loc":{"start":{"line":22,"column":19},"end":{"line":22,"column":70}},"type":"binary-expr","locations":[{"start":{"line":22,"column":19},"end":{"line":22,"column":45}},{"start":{"line":22,"column":49},"end":{"line":22,"column":70}}],"line":22}},"s":{"0":1,"1":1,"2":1,"3":0,"4":1,"5":0,"6":1,"7":1,"8":1,"9":9,"10":1,"11":1,"12":1,"13":5,"14":1,"15":1,"16":4,"17":0,"18":1,"19":1},"f":{"0":1},"b":{"0":[0,1],"1":[0,1],"2":[5,4],"3":[1,4],"4":[0,4],"5":[4,0]},"_coverageSchema":"1a1c01bbd47fc00a2c39e90264f33305004495a9","hash":"c8b3b4ee37c85d2360f4e907d5d5a0352d7a920a"}
,"/Users/nicholasmcconnell/code/hackerrankprep/InterviewQuestions/TestingDemos/subtract.js": {"path":"/Users/nicholasmcconnell/code/hackerrankprep/InterviewQuestions/TestingDemos/subtract.js","statementMap":{"0":{"start":{"line":2,"column":4},"end":{"line":2,"column":17}},"1":{"start":{"line":7,"column":22},"end":{"line":10,"column":1}},"2":{"start":{"line":8,"column":4},"end":{"line":8,"column":173}},"3":{"start":{"line":12,"column":0},"end":{"line":12,"column":16}}},"fnMap":{"0":{"name":"subtract","decl":{"start":{"line":1,"column":9},"end":{"line":1,"column":17}},"loc":{"start":{"line":1,"column":24},"end":{"line":3,"column":1}},"line":1},"1":{"name":"(anonymous_1)","decl":{"start":{"line":7,"column":22},"end":{"line":7,"column":23}},"loc":{"start":{"line":7,"column":28},"end":{"line":10,"column":1}},"line":7}},"branchMap":{},"s":{"0":0,"1":1,"2":1,"3":1},"f":{"0":0,"1":1},"b":{},"_coverageSchema":"1a1c01bbd47fc00a2c39e90264f33305004495a9","hash":"3672fa1b86b7c74185d66602b2eeda90e4df4acd"}
,"/Users/nicholasmcconnell/code/hackerrankprep/InterviewQuestions/TestingDemos/sum.js": {"path":"/Users/nicholasmcconnell/code/hackerrankprep/InterviewQuestions/TestingDemos/sum.js","statementMap":{"0":{"start":{"line":3,"column":4},"end":{"line":3,"column":17}},"1":{"start":{"line":7,"column":4},"end":{"line":7,"column":26}},"2":{"start":{"line":11,"column":0},"end":{"line":11,"column":25}}},"fnMap":{"0":{"name":"sum","decl":{"start":{"line":2,"column":9},"end":{"line":2,"column":12}},"loc":{"start":{"line":2,"column":19},"end":{"line":4,"column":1}},"line":2},"1":{"name":"helper","decl":{"start":{"line":6,"column":9},"end":{"line":6,"column":15}},"loc":{"start":{"line":6,"column":18},"end":{"line":8,"column":1}},"line":6}},"branchMap":{},"s":{"0":0,"1":0,"2":1},"f":{"0":0,"1":0},"b":{},"_coverageSchema":"1a1c01bbd47fc00a2c39e90264f33305004495a9","hash":"f841fa5d97b416dd95481a18d077dd687927ae17"}
}
