TN:
SF:cloneArray.js
FN:1,cloneArray
FNF:1
FNH:1
FNDA:2,cloneArray
DA:2,2
DA:5,1
LF:2
LH:2
BRF:0
BRH:0
end_of_record
TN:
SF:migratoryBirds.js
FN:4,(anonymous_0)
FNF:1
FNH:1
FNDA:1,(anonymous_0)
DA:2,1
DA:4,1
DA:5,1
DA:6,1
DA:8,1
DA:10,1
DA:11,9
DA:14,1
DA:15,1
DA:17,1
DA:19,5
DA:20,1
DA:21,1
DA:22,4
DA:23,0
DA:27,1
DA:31,1
LF:17
LH:16
BRDA:5,0,0,0
BRDA:5,0,1,1
BRDA:6,1,0,0
BRDA:6,1,1,1
BRDA:11,2,0,5
BRDA:11,2,1,4
BRDA:19,3,0,1
BRDA:19,3,1,4
BRDA:22,4,0,0
BRDA:22,4,1,4
BRDA:22,5,0,4
BRDA:22,5,1,0
BRF:12
BRH:8
end_of_record
TN:
SF:subtract.js
FN:1,subtract
FN:7,(anonymous_1)
FNF:2
FNH:1
FNDA:0,subtract
FNDA:1,(anonymous_1)
DA:2,0
DA:7,1
DA:8,1
DA:12,1
LF:4
LH:3
BRF:0
BRH:0
end_of_record
TN:
SF:sum.js
FN:2,sum
FN:6,helper
FNF:2
FNH:0
FNDA:0,sum
FNDA:0,helper
DA:3,0
DA:7,0
DA:11,1
LF:3
LH:1
BRF:0
BRH:0
end_of_record
